<?xml version="1.0" encoding="UTF-8"?>
<testng-results skipped="0" failed="0" ignored="0" total="1" passed="1">
  <reporter-output>
  </reporter-output>
  <suite name="Suite" duration-ms="22094" started-at="2020-11-26T05:31:34Z" finished-at="2020-11-26T05:31:57Z">
    <groups>
    </groups>
    <test name="Test" duration-ms="22094" started-at="2020-11-26T05:31:34Z" finished-at="2020-11-26T05:31:57Z">
      <class name="test.LoginClass">
        <test-method status="PASS" signature="loginVerify()[pri:0, instance:test.LoginClass@26653222]" name="loginVerify" duration-ms="22052" started-at="2020-11-26T05:31:35Z" finished-at="2020-11-26T05:31:57Z">
          <reporter-output>
          </reporter-output>
        </test-method> <!-- loginVerify -->
      </class> <!-- test.LoginClass -->
    </test> <!-- Test -->
  </suite> <!-- Suite -->
</testng-results>
